2023-04-17 22:53:49,986 - marketplace_logger - INFO - Not enough space to publish product: Coffee(name='Robusta', price=3, acidity=5.0, roast_level='MEDIUM')
2023-04-17 22:53:49,986 - marketplace_logger - INFO - Product published: Tea(name='White Peach', price=5, type='White'), queue size is 0
2023-04-17 22:53:49,987 - marketplace_logger - INFO - Not enough space to publish product: Tea(name='Vietnam Oolong', price=10, type='Oolong')
2023-04-17 22:53:49,988 - marketplace_logger - INFO - Not enough space to publish product: Tea(name='Vietnam Oolong', price=10, type='Oolong')
2023-04-17 22:53:49,992 - marketplace_logger - INFO - Not enough space to publish product: Coffee(name='Indonezia', price=1, acidity=5.05, roast_level='MEDIUM')
2023-04-17 22:53:49,998 - marketplace_logger - INFO - Product published: Tea(name='English Breakfast', price=2, type='Black'), queue size is 13
2023-04-17 22:53:50,001 - marketplace_logger - INFO - Not enough space to publish product: Coffee(name='Arabica', price=9, acidity=5.02, roast_level='MEDIUM')
2023-04-17 22:53:50,002 - marketplace_logger - INFO - Product published: Coffee(name='Indonezia', price=1, acidity=5.05, roast_level='MEDIUM'), queue size is 0
2023-04-17 22:53:50,008 - marketplace_logger - INFO - Not enough space to publish product: Tea(name='Pai Mu Tan', price=9, type='White')
2023-04-17 22:53:50,021 - marketplace_logger - INFO - Not enough space to publish product: Tea(name='Pai Mu Tan', price=9, type='White')
2023-04-17 22:53:50,025 - marketplace_logger - INFO - Not enough space to publish product: Coffee(name='Ethiopia', price=10, acidity=5.09, roast_level='MEDIUM')
2023-04-17 22:53:50,025 - marketplace_logger - INFO - Not enough space to publish product: Coffee(name='Brasil', price=7, acidity=5.09, roast_level='MEDIUM')
2023-04-17 22:53:50,025 - marketplace_logger - INFO - Not enough space to publish product: Coffee(name='Arabica', price=9, acidity=5.02, roast_level='MEDIUM')
2023-04-17 22:53:50,028 - marketplace_logger - INFO - Product published: Coffee(name='Ethiopia', price=10, acidity=5.09, roast_level='MEDIUM'), queue size is 34
2023-04-17 22:53:50,033 - marketplace_logger - INFO - Not enough space to publish product: Coffee(name='Indonezia', price=1, acidity=5.05, roast_level='MEDIUM')
2023-04-17 22:53:50,033 - marketplace_logger - INFO - Not enough space to publish product: Coffee(name='Brasil', price=7, acidity=5.09, roast_level='MEDIUM')
2023-04-17 22:53:50,035 - marketplace_logger - INFO - Not enough space to publish product: Coffee(name='Robusta', price=3, acidity=5.0, roast_level='MEDIUM')
2023-04-17 22:53:50,035 - marketplace_logger - INFO - Product published: Coffee(name='Indonezia', price=1, acidity=5.05, roast_level='MEDIUM'), queue size is 31
2023-04-17 22:53:50,052 - marketplace_logger - INFO - Not enough space to publish product: Tea(name='Pai Mu Tan', price=9, type='White')
2023-04-17 22:53:50,052 - marketplace_logger - INFO - Product published: Coffee(name='Arabica', price=9, acidity=5.02, roast_level='MEDIUM'), queue size is 4
2023-04-17 22:53:50,055 - marketplace_logger - INFO - Not enough space to publish product: Tea(name='Pai Mu Tan', price=9, type='White')
2023-04-17 22:53:50,057 - marketplace_logger - INFO - Product not found in market: Tea(name='Jasmine', price=6, type='Green')
2023-04-17 22:53:50,057 - marketplace_logger - INFO - Not enough space to publish product: Tea(name='Jasmine', price=6, type='Green')
2023-04-17 22:53:50,061 - marketplace_logger - INFO - Not enough space to publish product: Tea(name='Pai Mu Tan', price=9, type='White')
2023-04-17 22:53:50,082 - marketplace_logger - INFO - Not enough space to publish product: Coffee(name='Indonezia', price=1, acidity=5.05, roast_level='MEDIUM')
2023-04-17 22:53:50,082 - marketplace_logger - INFO - Not enough space to publish product: Coffee(name='Indonezia', price=1, acidity=5.05, roast_level='MEDIUM')
2023-04-17 22:53:50,083 - marketplace_logger - INFO - Not enough space to publish product: Coffee(name='Ethiopia', price=10, acidity=5.09, roast_level='MEDIUM')
2023-04-17 22:53:50,086 - marketplace_logger - INFO - Not enough space to publish product: Tea(name='Jasmine', price=6, type='Green')
2023-04-17 22:53:50,089 - marketplace_logger - INFO - Not enough space to publish product: Tea(name='Pai Mu Tan', price=9, type='White')
2023-04-17 22:53:50,097 - marketplace_logger - INFO - Not enough space to publish product: Tea(name='English Breakfast', price=2, type='Black')
2023-04-17 22:53:50,098 - marketplace_logger - INFO - Product published: Tea(name='English Breakfast', price=2, type='Black'), queue size is 12
2023-04-17 22:53:50,099 - marketplace_logger - INFO - Not enough space to publish product: Coffee(name='Indonezia', price=1, acidity=5.05, roast_level='MEDIUM')
2023-04-17 22:53:50,101 - marketplace_logger - INFO - Not enough space to publish product: Tea(name='White Peach', price=5, type='White')
2023-04-17 22:53:50,103 - marketplace_logger - INFO - Not enough space to publish product: Coffee(name='Indonezia', price=1, acidity=5.05, roast_level='MEDIUM')
2023-04-17 22:53:50,104 - marketplace_logger - INFO - Product published: Tea(name='English Breakfast', price=2, type='Black'), queue size is 29
2023-04-17 22:53:50,105 - marketplace_logger - INFO - Not enough space to publish product: Tea(name='White Peach', price=5, type='White')
2023-04-17 22:53:50,106 - marketplace_logger - INFO - Not enough space to publish product: Coffee(name='Brasil', price=7, acidity=5.09, roast_level='MEDIUM')
2023-04-17 22:53:50,106 - marketplace_logger - INFO - Not enough space to publish product: Coffee(name='Arabica', price=9, acidity=5.02, roast_level='MEDIUM')
2023-04-17 22:53:50,110 - marketplace_logger - INFO - Not enough space to publish product: Tea(name='Pai Mu Tan', price=9, type='White')
2023-04-17 22:53:50,112 - marketplace_logger - INFO - Product published: Coffee(name='Indonezia', price=1, acidity=5.05, roast_level='MEDIUM'), queue size is 27
2023-04-17 22:53:50,113 - marketplace_logger - INFO - Product published: Coffee(name='Brasil', price=7, acidity=5.09, roast_level='MEDIUM'), queue size is 11
2023-04-17 22:53:50,115 - marketplace_logger - INFO - Not enough space to publish product: Coffee(name='Arabica', price=9, acidity=5.02, roast_level='MEDIUM')
2023-04-17 22:53:50,115 - marketplace_logger - INFO - Not enough space to publish product: Coffee(name='Ethiopia', price=10, acidity=5.09, roast_level='MEDIUM')
2023-04-17 22:53:50,117 - marketplace_logger - INFO - Not enough space to publish product: Coffee(name='Robusta', price=3, acidity=5.0, roast_level='MEDIUM')
2023-04-17 22:53:50,122 - marketplace_logger - INFO - Not enough space to publish product: Tea(name='Vietnam Oolong', price=10, type='Oolong')
2023-04-17 22:53:50,123 - marketplace_logger - INFO - Product published: Coffee(name='Arabica', price=9, acidity=5.02, roast_level='MEDIUM'), queue size is 3
2023-04-17 22:53:50,128 - marketplace_logger - INFO - Not enough space to publish product: Coffee(name='Indonezia', price=1, acidity=5.05, roast_level='MEDIUM')
2023-04-17 22:53:50,136 - marketplace_logger - INFO - Not enough space to publish product: Tea(name='Pai Mu Tan', price=9, type='White')
2023-04-17 22:53:50,138 - marketplace_logger - INFO - Not enough space to publish product: Tea(name='Vietnam Oolong', price=10, type='Oolong')
2023-04-17 22:53:50,142 - marketplace_logger - INFO - Not enough space to publish product: Tea(name='Pai Mu Tan', price=9, type='White')
2023-04-17 22:53:50,145 - marketplace_logger - INFO - Not enough space to publish product: Coffee(name='Brasil', price=7, acidity=5.09, roast_level='MEDIUM')
2023-04-17 22:53:50,146 - marketplace_logger - INFO - Not enough space to publish product: Coffee(name='Robusta', price=3, acidity=5.0, roast_level='MEDIUM')
2023-04-17 22:53:50,150 - marketplace_logger - INFO - Product published: Tea(name='Jasmine', price=6, type='Green'), queue size is 15
2023-04-17 22:53:50,154 - marketplace_logger - INFO - Not enough space to publish product: Tea(name='English Breakfast', price=2, type='Black')
2023-04-17 22:53:50,169 - marketplace_logger - INFO - Not enough space to publish product: Tea(name='Pai Mu Tan', price=9, type='White')
2023-04-17 22:53:50,173 - marketplace_logger - INFO - Not enough space to publish product: Coffee(name='Indonezia', price=1, acidity=5.05, roast_level='MEDIUM')
2023-04-17 22:53:50,174 - marketplace_logger - INFO - Not enough space to publish product: Coffee(name='Indonezia', price=1, acidity=5.05, roast_level='MEDIUM')
2023-04-17 22:53:50,176 - marketplace_logger - INFO - Product published: Coffee(name='Indonezia', price=1, acidity=5.05, roast_level='MEDIUM'), queue size is 30
2023-04-17 22:53:50,183 - marketplace_logger - INFO - Not enough space to publish product: Coffee(name='Indonezia', price=1, acidity=5.05, roast_level='MEDIUM')
2023-04-17 22:53:50,183 - marketplace_logger - INFO - Not enough space to publish product: Coffee(name='Ethiopia', price=10, acidity=5.09, roast_level='MEDIUM')
2023-04-17 22:53:50,184 - marketplace_logger - INFO - Not enough space to publish product: Coffee(name='Brasil', price=7, acidity=5.09, roast_level='MEDIUM')
2023-04-17 22:53:50,185 - marketplace_logger - INFO - Not enough space to publish product: Tea(name='Vietnam Oolong', price=10, type='Oolong')
2023-04-17 22:53:50,186 - marketplace_logger - INFO - Not enough space to publish product: Coffee(name='Brasil', price=7, acidity=5.09, roast_level='MEDIUM')
2023-04-17 22:53:50,187 - marketplace_logger - INFO - Not enough space to publish product: Coffee(name='Arabica', price=9, acidity=5.02, roast_level='MEDIUM')
2023-04-17 22:53:50,193 - marketplace_logger - INFO - Product published: Tea(name='Jasmine', price=6, type='Green'), queue size is 2
2023-04-17 22:53:50,196 - marketplace_logger - INFO - Not enough space to publish product: Coffee(name='Robusta', price=3, acidity=5.0, roast_level='MEDIUM')
2023-04-17 22:53:50,199 - marketplace_logger - INFO - Product published: Tea(name='Pai Mu Tan', price=9, type='White'), queue size is 11
2023-04-17 22:53:50,206 - marketplace_logger - INFO - Not enough space to publish product: Coffee(name='Ethiopia', price=10, acidity=5.09, roast_level='MEDIUM')
2023-04-17 22:53:50,212 - marketplace_logger - INFO - Product published: Coffee(name='Indonezia', price=1, acidity=5.05, roast_level='MEDIUM'), queue size is 18
2023-04-17 22:53:50,217 - marketplace_logger - INFO - Not enough space to publish product: Tea(name='English Breakfast', price=2, type='Black')
2023-04-17 22:53:50,224 - marketplace_logger - INFO - Not enough space to publish product: Coffee(name='Robusta', price=3, acidity=5.0, roast_level='MEDIUM')
2023-04-17 22:53:50,232 - marketplace_logger - INFO - Product published: Coffee(name='Arabica', price=9, acidity=5.02, roast_level='MEDIUM'), queue size is 1
2023-04-17 22:53:50,234 - marketplace_logger - INFO - Product published: Tea(name='Vietnam Oolong', price=10, type='Oolong'), queue size is 35
2023-04-17 22:53:50,243 - marketplace_logger - INFO - Product added to cart: Tea(name='Jasmine', price=6, type='Green')
2023-04-17 22:53:50,244 - marketplace_logger - INFO - Product added to cart: Tea(name='Jasmine', price=6, type='Green')
2023-04-17 22:53:50,245 - marketplace_logger - INFO - Product not found in market: Tea(name='Jasmine', price=6, type='Green')
2023-04-17 22:53:50,246 - marketplace_logger - INFO - Not enough space to publish product: Coffee(name='Indonezia', price=1, acidity=5.05, roast_level='MEDIUM')
2023-04-17 22:53:50,246 - marketplace_logger - INFO - Not enough space to publish product: Tea(name='White Peach', price=5, type='White')
2023-04-17 22:53:50,247 - marketplace_logger - INFO - Not enough space to publish product: Coffee(name='Arabica', price=9, acidity=5.02, roast_level='MEDIUM')
2023-04-17 22:53:50,248 - marketplace_logger - INFO - Not enough space to publish product: Coffee(name='Robusta', price=3, acidity=5.0, roast_level='MEDIUM')
2023-04-17 22:53:50,250 - marketplace_logger - INFO - Not enough space to publish product: Tea(name='Pai Mu Tan', price=9, type='White')
2023-04-17 22:53:50,263 - marketplace_logger - INFO - Product not found in market: Tea(name='Jasmine', price=6, type='Green')
2023-04-17 22:53:50,264 - marketplace_logger - INFO - Not enough space to publish product: Tea(name='Pai Mu Tan', price=9, type='White')
2023-04-17 22:53:50,265 - marketplace_logger - INFO - Product not found in market: Tea(name='Jasmine', price=6, type='Green')
2023-04-17 22:53:50,265 - marketplace_logger - INFO - Not enough space to publish product: Tea(name='Pai Mu Tan', price=9, type='White')
2023-04-17 22:53:50,265 - marketplace_logger - INFO - Not enough space to publish product: Tea(name='Vietnam Oolong', price=10, type='Oolong')
2023-04-17 22:53:50,265 - marketplace_logger - INFO - Not enough space to publish product: Coffee(name='Indonezia', price=1, acidity=5.05, roast_level='MEDIUM')
2023-04-17 22:53:50,267 - marketplace_logger - INFO - Not enough space to publish product: Coffee(name='Brasil', price=7, acidity=5.09, roast_level='MEDIUM')
2023-04-17 22:53:50,267 - marketplace_logger - INFO - Not enough space to publish product: Coffee(name='Arabica', price=9, acidity=5.02, roast_level='MEDIUM')
2023-04-17 22:53:50,273 - marketplace_logger - INFO - Product published: Tea(name='White Peach', price=5, type='White'), queue size is 31
2023-04-17 22:53:50,279 - marketplace_logger - INFO - Not enough space to publish product: Tea(name='Vietnam Oolong', price=10, type='Oolong')
2023-04-17 22:53:50,283 - marketplace_logger - INFO - Not enough space to publish product: Coffee(name='Indonezia', price=1, acidity=5.05, roast_level='MEDIUM')
2023-04-17 22:53:50,284 - marketplace_logger - INFO - Not enough space to publish product: Coffee(name='Indonezia', price=1, acidity=5.05, roast_level='MEDIUM')
2023-04-17 22:53:50,285 - marketplace_logger - INFO - Not enough space to publish product: Coffee(name='Ethiopia', price=10, acidity=5.09, roast_level='MEDIUM')
2023-04-17 22:53:50,289 - marketplace_logger - INFO - Not enough space to publish product: Tea(name='Vietnam Oolong', price=10, type='Oolong')
2023-04-17 22:53:50,296 - marketplace_logger - INFO - Not enough space to publish product: Coffee(name='Ethiopia', price=10, acidity=5.09, roast_level='MEDIUM')
2023-04-17 22:53:50,302 - marketplace_logger - INFO - Not enough space to publish product: Tea(name='White Peach', price=5, type='White')
2023-04-17 22:53:50,314 - marketplace_logger - INFO - Product published: Coffee(name='Robusta', price=3, acidity=5.0, roast_level='MEDIUM'), queue size is 10
2023-04-17 22:53:50,315 - marketplace_logger - INFO - Not enough space to publish product: Coffee(name='Indonezia', price=1, acidity=5.05, roast_level='MEDIUM')
2023-04-17 22:53:50,316 - marketplace_logger - INFO - Not enough space to publish product: Coffee(name='Robusta', price=3, acidity=5.0, roast_level='MEDIUM')
2023-04-17 22:53:50,316 - marketplace_logger - INFO - Not enough space to publish product: Coffee(name='Indonezia', price=1, acidity=5.05, roast_level='MEDIUM')
2023-04-17 22:53:50,317 - marketplace_logger - INFO - Product published: Coffee(name='Indonezia', price=1, acidity=5.05, roast_level='MEDIUM'), queue size is 29
2023-04-17 22:53:50,325 - marketplace_logger - INFO - Not enough space to publish product: Tea(name='English Breakfast', price=2, type='Black')
2023-04-17 22:53:50,329 - marketplace_logger - INFO - Product not found in market: Tea(name='Jasmine', price=6, type='Green')
2023-04-17 22:53:50,329 - marketplace_logger - INFO - Not enough space to publish product: Tea(name='Jasmine', price=6, type='Green')
2023-04-17 22:53:50,330 - marketplace_logger - INFO - Not enough space to publish product: Tea(name='Pai Mu Tan', price=9, type='White')
2023-04-17 22:53:50,335 - marketplace_logger - INFO - Not enough space to publish product: Coffee(name='Brasil', price=7, acidity=5.09, roast_level='MEDIUM')
2023-04-17 22:53:50,338 - marketplace_logger - INFO - Not enough space to publish product: Tea(name='English Breakfast', price=2, type='Black')
2023-04-17 22:53:50,339 - marketplace_logger - INFO - Product published: Tea(name='Pai Mu Tan', price=9, type='White'), queue size is 10
2023-04-17 22:53:50,342 - marketplace_logger - INFO - Not enough space to publish product: Tea(name='Pai Mu Tan', price=9, type='White')
2023-04-17 22:53:50,342 - marketplace_logger - INFO - Not enough space to publish product: Coffee(name='Arabica', price=9, acidity=5.02, roast_level='MEDIUM')
2023-04-17 22:53:50,343 - marketplace_logger - INFO - Product published: Coffee(name='Indonezia', price=1, acidity=5.05, roast_level='MEDIUM'), queue size is 26
2023-04-17 22:53:50,346 - marketplace_logger - INFO - Not enough space to publish product: Coffee(name='Brasil', price=7, acidity=5.09, roast_level='MEDIUM')
2023-04-17 22:53:50,347 - marketplace_logger - INFO - Not enough space to publish product: Tea(name='Pai Mu Tan', price=9, type='White')
2023-04-17 22:53:50,347 - marketplace_logger - INFO - Not enough space to publish product: Coffee(name='Brasil', price=7, acidity=5.09, roast_level='MEDIUM')
2023-04-17 22:53:50,348 - marketplace_logger - INFO - Not enough space to publish product: Coffee(name='Arabica', price=9, acidity=5.02, roast_level='MEDIUM')
2023-04-17 22:53:50,352 - marketplace_logger - INFO - Product published: Coffee(name='Indonezia', price=1, acidity=5.05, roast_level='MEDIUM'), queue size is 0
2023-04-17 22:53:50,357 - marketplace_logger - INFO - Not enough space to publish product: Coffee(name='Robusta', price=3, acidity=5.0, roast_level='MEDIUM')
2023-04-17 22:53:50,357 - marketplace_logger - INFO - Not enough space to publish product: Coffee(name='Indonezia', price=1, acidity=5.05, roast_level='MEDIUM')
2023-04-17 22:53:50,357 - marketplace_logger - INFO - Not enough space to publish product: Coffee(name='Robusta', price=3, acidity=5.0, roast_level='MEDIUM')
2023-04-17 22:53:50,369 - marketplace_logger - INFO - Product published: Coffee(name='Robusta', price=3, acidity=5.0, roast_level='MEDIUM'), queue size is 33
2023-04-17 22:53:50,376 - marketplace_logger - INFO - Not enough space to publish product: Tea(name='Pai Mu Tan', price=9, type='White')
2023-04-17 22:53:50,377 - marketplace_logger - INFO - Not enough space to publish product: Coffee(name='Arabica', price=9, acidity=5.02, roast_level='MEDIUM')
2023-04-17 22:53:50,378 - marketplace_logger - INFO - Not enough space to publish product: Coffee(name='Robusta', price=3, acidity=5.0, roast_level='MEDIUM')
2023-04-17 22:53:50,381 - marketplace_logger - INFO - Not enough space to publish product: Tea(name='Pai Mu Tan', price=9, type='White')
2023-04-17 22:53:50,385 - marketplace_logger - INFO - Not enough space to publish product: Coffee(name='Indonezia', price=1, acidity=5.05, roast_level='MEDIUM')
2023-04-17 22:53:50,386 - marketplace_logger - INFO - Not enough space to publish product: Coffee(name='Ethiopia', price=10, acidity=5.09, roast_level='MEDIUM')
2023-04-17 22:53:50,386 - marketplace_logger - INFO - Not enough space to publish product: Tea(name='Pai Mu Tan', price=9, type='White')
2023-04-17 22:53:50,387 - marketplace_logger - INFO - Not enough space to publish product: Tea(name='White Peach', price=5, type='White')
2023-04-17 22:53:50,387 - marketplace_logger - INFO - Not enough space to publish product: Coffee(name='Indonezia', price=1, acidity=5.05, roast_level='MEDIUM')
2023-04-17 22:53:50,387 - marketplace_logger - INFO - Not enough space to publish product: Coffee(name='Ethiopia', price=10, acidity=5.09, roast_level='MEDIUM')
2023-04-17 22:53:50,388 - marketplace_logger - INFO - Not enough space to publish product: Tea(name='English Breakfast', price=2, type='Black')
2023-04-17 22:53:50,407 - marketplace_logger - INFO - Not enough space to publish product: Tea(name='Vietnam Oolong', price=10, type='Oolong')
2023-04-17 22:53:50,410 - marketplace_logger - INFO - Product published: Tea(name='Jasmine', price=6, type='Green'), queue size is 15
2023-04-17 22:53:50,411 - marketplace_logger - INFO - Not enough space to publish product: Tea(name='Pai Mu Tan', price=9, type='White')
2023-04-17 22:53:50,429 - marketplace_logger - INFO - Not enough space to publish product: Coffee(name='Arabica', price=9, acidity=5.02, roast_level='MEDIUM')
2023-04-17 22:53:50,429 - marketplace_logger - INFO - Not enough space to publish product: Coffee(name='Brasil', price=7, acidity=5.09, roast_level='MEDIUM')
2023-04-17 22:53:50,439 - marketplace_logger - INFO - Not enough space to publish product: Tea(name='Vietnam Oolong', price=10, type='Oolong')
2023-04-17 22:53:50,448 - marketplace_logger - INFO - Not enough space to publish product: Coffee(name='Indonezia', price=1, acidity=5.05, roast_level='MEDIUM')
2023-04-17 22:53:50,449 - marketplace_logger - INFO - Not enough space to publish product: Coffee(name='Indonezia', price=1, acidity=5.05, roast_level='MEDIUM')
2023-04-17 22:53:50,455 - marketplace_logger - INFO - Product published: Coffee(name='Robusta', price=3, acidity=5.0, roast_level='MEDIUM'), queue size is 28
2023-04-17 22:53:50,456 - marketplace_logger - INFO - Not enough space to publish product: Tea(name='Jasmine', price=6, type='Green')
2023-04-17 22:53:50,457 - marketplace_logger - INFO - Product published: Tea(name='English Breakfast', price=2, type='Black'), queue size is 28
2023-04-17 22:53:50,458 - marketplace_logger - INFO - Not enough space to publish product: Coffee(name='Indonezia', price=1, acidity=5.05, roast_level='MEDIUM')
2023-04-17 22:53:50,458 - marketplace_logger - INFO - Not enough space to publish product: Tea(name='English Breakfast', price=2, type='Black')
2023-04-17 22:53:50,460 - marketplace_logger - INFO - Not enough space to publish product: Coffee(name='Indonezia', price=1, acidity=5.05, roast_level='MEDIUM')
2023-04-17 22:53:50,477 - marketplace_logger - INFO - Not enough space to publish product: Tea(name='Pai Mu Tan', price=9, type='White')
2023-04-17 22:53:50,478 - marketplace_logger - INFO - Not enough space to publish product: Coffee(name='Ethiopia', price=10, acidity=5.09, roast_level='MEDIUM')
2023-04-17 22:53:50,480 - marketplace_logger - INFO - Product published: Tea(name='Pai Mu Tan', price=9, type='White'), queue size is 9
2023-04-17 22:53:50,486 - marketplace_logger - INFO - Not enough space to publish product: Coffee(name='Brasil', price=7, acidity=5.09, roast_level='MEDIUM')
2023-04-17 22:53:50,486 - marketplace_logger - INFO - Not enough space to publish product: Coffee(name='Indonezia', price=1, acidity=5.05, roast_level='MEDIUM')
2023-04-17 22:53:50,486 - marketplace_logger - INFO - Not enough space to publish product: Coffee(name='Ethiopia', price=10, acidity=5.09, roast_level='MEDIUM')
2023-04-17 22:53:50,491 - marketplace_logger - INFO - Not enough space to publish product: Tea(name='Pai Mu Tan', price=9, type='White')
2023-04-17 22:53:50,495 - marketplace_logger - INFO - Product published: Tea(name='White Peach', price=5, type='White'), queue size is 34
2023-04-17 22:53:50,495 - marketplace_logger - INFO - Not enough space to publish product: Tea(name='English Breakfast', price=2, type='Black')
2023-04-17 22:53:50,496 - marketplace_logger - INFO - Not enough space to publish product: Tea(name='Vietnam Oolong', price=10, type='Oolong')
2023-04-17 22:53:50,503 - marketplace_logger - INFO - Not enough space to publish product: Tea(name='White Peach', price=5, type='White')
2023-04-17 22:53:50,507 - marketplace_logger - INFO - Not enough space to publish product: Tea(name='Pai Mu Tan', price=9, type='White')
2023-04-17 22:53:50,507 - marketplace_logger - INFO - Not enough space to publish product: Coffee(name='Arabica', price=9, acidity=5.02, roast_level='MEDIUM')
2023-04-17 22:53:50,509 - marketplace_logger - INFO - Not enough space to publish product: Coffee(name='Robusta', price=3, acidity=5.0, roast_level='MEDIUM')
2023-04-17 22:53:50,510 - marketplace_logger - INFO - Not enough space to publish product: Coffee(name='Arabica', price=9, acidity=5.02, roast_level='MEDIUM')
2023-04-17 22:53:50,510 - marketplace_logger - INFO - Not enough space to publish product: Coffee(name='Brasil', price=7, acidity=5.09, roast_level='MEDIUM')
2023-04-17 22:53:50,515 - marketplace_logger - INFO - Product published: Tea(name='Vietnam Oolong', price=10, type='Oolong'), queue size is 27
2023-04-17 22:53:50,518 - marketplace_logger - INFO - Not enough space to publish product: Coffee(name='Robusta', price=3, acidity=5.0, roast_level='MEDIUM')
2023-04-17 22:53:50,528 - marketplace_logger - INFO - Not enough space to publish product: Tea(name='White Peach', price=5, type='White')
2023-04-17 22:53:50,528 - marketplace_logger - INFO - Not enough space to publish product: Coffee(name='Indonezia', price=1, acidity=5.05, roast_level='MEDIUM')
2023-04-17 22:53:50,538 - marketplace_logger - INFO - Product published: Tea(name='Jasmine', price=6, type='Green'), queue size is 27
2023-04-17 22:53:50,539 - marketplace_logger - INFO - Not enough space to publish product: Coffee(name='Indonezia', price=1, acidity=5.05, roast_level='MEDIUM')
2023-04-17 22:53:50,544 - marketplace_logger - INFO - Product published: Tea(name='Pai Mu Tan', price=9, type='White'), queue size is 9
2023-04-17 22:53:50,547 - marketplace_logger - INFO - Not enough space to publish product: Coffee(name='Brasil', price=7, acidity=5.09, roast_level='MEDIUM')
2023-04-17 22:53:50,548 - marketplace_logger - INFO - Not enough space to publish product: Tea(name='Vietnam Oolong', price=10, type='Oolong')
2023-04-17 22:53:50,558 - marketplace_logger - INFO - Not enough space to publish product: Tea(name='Pai Mu Tan', price=9, type='White')
2023-04-17 22:53:50,568 - marketplace_logger - INFO - Not enough space to publish product: Coffee(name='Robusta', price=3, acidity=5.0, roast_level='MEDIUM')
2023-04-17 22:53:50,568 - marketplace_logger - INFO - Not enough space to publish product: Coffee(name='Ethiopia', price=10, acidity=5.09, roast_level='MEDIUM')
2023-04-17 22:53:50,569 - marketplace_logger - INFO - Not enough space to publish product: Tea(name='Vietnam Oolong', price=10, type='Oolong')
2023-04-17 22:53:50,572 - marketplace_logger - INFO - Not enough space to publish product: Tea(name='Pai Mu Tan', price=9, type='White')
2023-04-17 22:53:50,573 - marketplace_logger - INFO - Product published: Coffee(name='Brasil', price=7, acidity=5.09, roast_level='MEDIUM'), queue size is 25
2023-04-17 22:53:50,574 - marketplace_logger - INFO - Product published: Tea(name='Jasmine', price=6, type='Green'), queue size is 2
2023-04-17 22:53:50,579 - marketplace_logger - INFO - Not enough space to publish product: Tea(name='English Breakfast', price=2, type='Black')
2023-04-17 22:53:50,587 - marketplace_logger - INFO - Not enough space to publish product: Coffee(name='Indonezia', price=1, acidity=5.05, roast_level='MEDIUM')
2023-04-17 22:53:50,587 - marketplace_logger - INFO - Not enough space to publish product: Coffee(name='Ethiopia', price=10, acidity=5.09, roast_level='MEDIUM')
2023-04-17 22:53:50,590 - marketplace_logger - INFO - Not enough space to publish product: Tea(name='Vietnam Oolong', price=10, type='Oolong')
2023-04-17 22:53:50,590 - marketplace_logger - INFO - Not enough space to publish product: Coffee(name='Arabica', price=9, acidity=5.02, roast_level='MEDIUM')
2023-04-17 22:53:50,590 - marketplace_logger - INFO - Not enough space to publish product: Coffee(name='Brasil', price=7, acidity=5.09, roast_level='MEDIUM')
2023-04-17 22:53:50,599 - marketplace_logger - INFO - Not enough space to publish product: Coffee(name='Indonezia', price=1, acidity=5.05, roast_level='MEDIUM')
2023-04-17 22:53:50,600 - marketplace_logger - INFO - Product added to cart: Tea(name='Jasmine', price=6, type='Green')
2023-04-17 22:53:50,601 - marketplace_logger - INFO - Product added to cart: Tea(name='Jasmine', price=6, type='Green')
2023-04-17 22:53:50,601 - marketplace_logger - INFO - Not enough space to publish product: Tea(name='Jasmine', price=6, type='Green')
2023-04-17 22:53:50,601 - marketplace_logger - INFO - Product added to cart: Coffee(name='Brasil', price=7, acidity=5.09, roast_level='MEDIUM')
2023-04-17 22:53:50,602 - marketplace_logger - INFO - Product added to cart: Coffee(name='Brasil', price=7, acidity=5.09, roast_level='MEDIUM')
2023-04-17 22:53:50,602 - marketplace_logger - INFO - Product removed from cart: Coffee(name='Brasil', price=7, acidity=5.09, roast_level='MEDIUM')
2023-04-17 22:53:50,603 - marketplace_logger - INFO - Order placed: [{'product': Coffee(name='Robusta', price=3, acidity=5.0, roast_level='MEDIUM'), 'shelf': 6}, {'product': Coffee(name='Robusta', price=3, acidity=5.0, roast_level='MEDIUM'), 'shelf': 13}, {'product': Coffee(name='Robusta', price=3, acidity=5.0, roast_level='MEDIUM'), 'shelf': 14}, {'product': Tea(name='Jasmine', price=6, type='Green'), 'shelf': 16}, {'product': Tea(name='Jasmine', price=6, type='Green'), 'shelf': 2}, {'product': Tea(name='Jasmine', price=6, type='Green'), 'shelf': 3}, {'product': Tea(name='Jasmine', price=6, type='Green'), 'shelf': 3}, {'product': Tea(name='Jasmine', price=6, type='Green'), 'shelf': 26}, {'product': Coffee(name='Brasil', price=7, acidity=5.09, roast_level='MEDIUM'), 'shelf': 4}]
2023-04-17 22:53:50,603 - marketplace_logger - INFO - Product published: Tea(name='Pai Mu Tan', price=9, type='White'), queue size is 17
2023-04-17 22:53:50,603 - marketplace_logger - INFO - Not enough space to publish product: Coffee(name='Indonezia', price=1, acidity=5.05, roast_level='MEDIUM')
2023-04-17 22:53:50,606 - marketplace_logger - INFO - Product published: Tea(name='Vietnam Oolong', price=10, type='Oolong'), queue size is 26
2023-04-17 22:53:50,615 - marketplace_logger - INFO - Not enough space to publish product: Coffee(name='Robusta', price=3, acidity=5.0, roast_level='MEDIUM')
2023-04-17 22:53:50,617 - marketplace_logger - INFO - Product added to cart: Tea(name='Jasmine', price=6, type='Green')
2023-04-17 22:53:50,617 - marketplace_logger - INFO - Order placed: [{'product': Tea(name='Jasmine', price=6, type='Green'), 'shelf': 26}, {'product': Tea(name='Jasmine', price=6, type='Green'), 'shelf': 27}, {'product': Tea(name='Jasmine', price=6, type='Green'), 'shelf': 27}]
2023-04-17 22:53:50,618 - marketplace_logger - INFO - New cart created with id 578
2023-04-17 22:53:50,618 - marketplace_logger - INFO - Product added to cart: Coffee(name='Robusta', price=3, acidity=5.0, roast_level='MEDIUM')
2023-04-17 22:53:50,618 - marketplace_logger - INFO - Product added to cart: Coffee(name='Robusta', price=3, acidity=5.0, roast_level='MEDIUM')
2023-04-17 22:53:50,618 - marketplace_logger - INFO - Product added to cart: Coffee(name='Robusta', price=3, acidity=5.0, roast_level='MEDIUM')
2023-04-17 22:53:50,619 - marketplace_logger - INFO - Order placed: [{'product': Coffee(name='Robusta', price=3, acidity=5.0, roast_level='MEDIUM'), 'shelf': 2}, {'product': Coffee(name='Robusta', price=3, acidity=5.0, roast_level='MEDIUM'), 'shelf': 2}, {'product': Coffee(name='Robusta', price=3, acidity=5.0, roast_level='MEDIUM'), 'shelf': 3}]
2023-04-17 22:53:50,620 - marketplace_logger - INFO - Product published: Coffee(name='Ethiopia', price=10, acidity=5.09, roast_level='MEDIUM'), queue size is 8
2023-04-17 22:53:50,623 - marketplace_logger - INFO - Not enough space to publish product: Tea(name='Pai Mu Tan', price=9, type='White')
2023-04-17 22:53:50,628 - marketplace_logger - INFO - Not enough space to publish product: Tea(name='Pai Mu Tan', price=9, type='White')
2023-04-17 22:53:50,629 - marketplace_logger - INFO - Not enough space to publish product: Coffee(name='Indonezia', price=1, acidity=5.05, roast_level='MEDIUM')
2023-04-17 22:53:50,634 - marketplace_logger - INFO - Product published: Coffee(name='Ethiopia', price=10, acidity=5.09, roast_level='MEDIUM'), queue size is 32
2023-04-17 22:53:50,637 - marketplace_logger - INFO - Product not found in market: Tea(name='Jasmine', price=6, type='Green')
2023-04-17 22:53:50,639 - marketplace_logger - INFO - Product not found in market: Tea(name='Jasmine', price=6, type='Green')
2023-04-17 22:53:50,639 - marketplace_logger - INFO - Not enough space to publish product: Coffee(name='Arabica', price=9, acidity=5.02, roast_level='MEDIUM')
2023-04-17 22:53:50,640 - marketplace_logger - INFO - Not enough space to publish product: Coffee(name='Brasil', price=7, acidity=5.09, roast_level='MEDIUM')
2023-04-17 22:53:50,640 - marketplace_logger - INFO - Not enough space to publish product: Coffee(name='Robusta', price=3, acidity=5.0, roast_level='MEDIUM')
2023-04-17 22:53:50,644 - marketplace_logger - INFO - Not enough space to publish product: Coffee(name='Indonezia', price=1, acidity=5.05, roast_level='MEDIUM')
2023-04-17 22:53:50,652 - marketplace_logger - INFO - Not enough space to publish product: Tea(name='Pai Mu Tan', price=9, type='White')
2023-04-17 22:53:50,653 - marketplace_logger - INFO - Not enough space to publish product: Tea(name='Pai Mu Tan', price=9, type='White')
2023-04-17 22:53:50,656 - marketplace_logger - INFO - Not enough space to publish product: Coffee(name='Indonezia', price=1, acidity=5.05, roast_level='MEDIUM')
2023-04-17 22:53:50,660 - marketplace_logger - INFO - Not enough space to publish product: Coffee(name='Ethiopia', price=10, acidity=5.09, roast_level='MEDIUM')
2023-04-17 22:53:50,666 - marketplace_logger - INFO - Not enough space to publish product: Tea(name='English Breakfast', price=2, type='Black')
2023-04-17 22:53:50,669 - marketplace_logger - INFO - Not enough space to publish product: Tea(name='White Peach', price=5, type='White')
2023-04-17 22:53:50,670 - marketplace_logger - INFO - Not enough space to publish product: Coffee(name='Indonezia', price=1, acidity=5.05, roast_level='MEDIUM')
2023-04-17 22:53:50,671 - marketplace_logger - INFO - Not enough space to publish product: Coffee(name='Arabica', price=9, acidity=5.02, roast_level='MEDIUM')
2023-04-17 22:53:50,672 - marketplace_logger - INFO - Not enough space to publish product: Coffee(name='Brasil', price=7, acidity=5.09, roast_level='MEDIUM')
2023-04-17 22:53:50,672 - marketplace_logger - INFO - Product published: Tea(name='White Peach', price=5, type='White'), queue size is 15
2023-04-17 22:53:50,677 - marketplace_logger - INFO - Not enough space to publish product: Coffee(name='Robusta', price=3, acidity=5.0, roast_level='MEDIUM')
2023-04-17 22:53:50,678 - marketplace_logger - INFO - Not enough space to publish product: Coffee(name='Robusta', price=3, acidity=5.0, roast_level='MEDIUM')
2023-04-17 22:53:50,683 - marketplace_logger - INFO - Not enough space to publish product: Coffee(name='Arabica', price=9, acidity=5.02, roast_level='MEDIUM')
2023-04-17 22:53:50,688 - marketplace_logger - INFO - Not enough space to publish product: Tea(name='Pai Mu Tan', price=9, type='White')
2023-04-17 22:53:50,688 - marketplace_logger - INFO - Not enough space to publish product: Coffee(name='Indonezia', price=1, acidity=5.05, roast_level='MEDIUM')
2023-04-17 22:53:50,688 - marketplace_logger - INFO - Not enough space to publish product: Coffee(name='Ethiopia', price=10, acidity=5.09, roast_level='MEDIUM')
2023-04-17 22:53:50,688 - marketplace_logger - INFO - Not enough space to publish product: Tea(name='Vietnam Oolong', price=10, type='Oolong')
2023-04-17 22:53:50,696 - marketplace_logger - INFO - Product published: Coffee(name='Ethiopia', price=10, acidity=5.09, roast_level='MEDIUM'), queue size is 25
2023-04-17 22:53:50,697 - marketplace_logger - INFO - Not enough space to publish product: Tea(name='Pai Mu Tan', price=9, type='White')
2023-04-17 22:53:50,699 - marketplace_logger - INFO - Product published: Tea(name='Jasmine', price=6, type='Green'), queue size is 28
2023-04-17 22:53:50,699 - marketplace_logger - INFO - Not enough space to publish product: Tea(name='English Breakfast', price=2, type='Black')
2023-04-17 22:53:50,703 - marketplace_logger - INFO - Not enough space to publish product: Tea(name='White Peach', price=5, type='White')
2023-04-17 22:53:50,719 - marketplace_logger - INFO - Not enough space to publish product: Tea(name='English Breakfast', price=2, type='Black')
2023-04-17 22:53:50,720 - marketplace_logger - INFO - Not enough space to publish product: Coffee(name='Indonezia', price=1, acidity=5.05, roast_level='MEDIUM')
2023-04-17 22:53:50,725 - marketplace_logger - INFO - Product published: Coffee(name='Ethiopia', price=10, acidity=5.09, roast_level='MEDIUM'), queue size is 31
2023-04-17 22:53:50,733 - marketplace_logger - INFO - Not enough space to publish product: Tea(name='Pai Mu Tan', price=9, type='White')
2023-04-17 22:53:50,740 - marketplace_logger - INFO - Product published: Coffee(name='Robusta', price=3, acidity=5.0, roast_level='MEDIUM'), queue size is 32
2023-04-17 22:53:50,741 - marketplace_logger - INFO - Not enough space to publish product: Coffee(name='Indonezia', price=1, acidity=5.05, roast_level='MEDIUM')
2023-04-17 22:53:50,741 - marketplace_logger - INFO - Not enough space to publish product: Tea(name='Vietnam Oolong', price=10, type='Oolong')
2023-04-17 22:53:50,748 - marketplace_logger - INFO - Not enough space to publish product: Coffee(name='Brasil', price=7, acidity=5.09, roast_level='MEDIUM')
2023-04-17 22:53:50,748 - marketplace_logger - INFO - Not enough space to publish product: Tea(name='Pai Mu Tan', price=9, type='White')
2023-04-17 22:53:50,750 - marketplace_logger - INFO - Not enough space to publish product: Coffee(name='Ethiopia', price=10, acidity=5.09, roast_level='MEDIUM')
2023-04-17 22:53:50,752 - marketplace_logger - INFO - Not enough space to publish product: Coffee(name='Arabica', price=9, acidity=5.02, roast_level='MEDIUM')
2023-04-17 22:53:50,753 - marketplace_logger - INFO - Not enough space to publish product: Coffee(name='Brasil', price=7, acidity=5.09, roast_level='MEDIUM')
2023-04-17 22:53:50,769 - marketplace_logger - INFO - Not enough space to publish product: Tea(name='Pai Mu Tan', price=9, type='White')
2023-04-17 22:53:50,769 - marketplace_logger - INFO - Not enough space to publish product: Coffee(name='Indonezia', price=1, acidity=5.05, roast_level='MEDIUM')
2023-04-17 22:53:50,771 - marketplace_logger - INFO - Not enough space to publish product: Coffee(name='Arabica', price=9, acidity=5.02, roast_level='MEDIUM')
2023-04-17 22:53:50,771 - marketplace_logger - INFO - Not enough space to publish product: Coffee(name='Robusta', price=3, acidity=5.0, roast_level='MEDIUM')
2023-04-17 22:53:50,779 - marketplace_logger - INFO - Not enough space to publish product: Coffee(name='Robusta', price=3, acidity=5.0, roast_level='MEDIUM')
2023-04-17 22:53:50,789 - marketplace_logger - INFO - Not enough space to publish product: Coffee(name='Indonezia', price=1, acidity=5.05, roast_level='MEDIUM')
2023-04-17 22:53:50,789 - marketplace_logger - INFO - Not enough space to publish product: Coffee(name='Ethiopia', price=10, acidity=5.09, roast_level='MEDIUM')
2023-04-17 22:53:50,791 - marketplace_logger - INFO - Not enough space to publish product: Coffee(name='Brasil', price=7, acidity=5.09, roast_level='MEDIUM')
2023-04-17 22:53:50,805 - marketplace_logger - INFO - Product published: Tea(name='Vietnam Oolong', price=10, type='Oolong'), queue size is 8
2023-04-17 22:53:50,807 - marketplace_logger - INFO - Not enough space to publish product: Tea(name='Vietnam Oolong', price=10, type='Oolong')
2023-04-17 22:53:50,809 - marketplace_logger - INFO - Not enough space to publish product: Tea(name='White Peach', price=5, type='White')
2023-04-17 22:53:50,811 - marketplace_logger - INFO - Not enough space to publish product: Coffee(name='Indonezia', price=1, acidity=5.05, roast_level='MEDIUM')
2023-04-17 22:53:50,812 - marketplace_logger - INFO - Not enough space to publish product: Coffee(name='Indonezia', price=1, acidity=5.05, roast_level='MEDIUM')
2023-04-17 22:53:50,814 - marketplace_logger - INFO - Not enough space to publish product: Tea(name='Pai Mu Tan', price=9, type='White')
2023-04-17 22:53:50,816 - marketplace_logger - INFO - Product published: Coffee(name='Brasil', price=7, acidity=5.09, roast_level='MEDIUM'), queue size is 30
2023-04-17 22:53:50,821 - marketplace_logger - INFO - Not enough space to publish product: Coffee(name='Indonezia', price=1, acidity=5.05, roast_level='MEDIUM')
2023-04-17 22:53:50,821 - marketplace_logger - INFO - Not enough space to publish product: Tea(name='English Breakfast', price=2, type='Black')
2023-04-17 22:53:50,827 - marketplace_logger - INFO - Not enough space to publish product: Tea(name='Jasmine', price=6, type='Green')
2023-04-17 22:53:50,830 - marketplace_logger - INFO - Not enough space to publish product: Tea(name='Vietnam Oolong', price=10, type='Oolong')
2023-04-17 22:53:50,833 - marketplace_logger - INFO - Not enough space to publish product: Coffee(name='Arabica', price=9, acidity=5.02, roast_level='MEDIUM')
2023-04-17 22:53:50,833 - marketplace_logger - INFO - Not enough space to publish product: Coffee(name='Brasil', price=7, acidity=5.09, roast_level='MEDIUM')
2023-04-17 22:53:50,837 - marketplace_logger - INFO - Not enough space to publish product: Tea(name='English Breakfast', price=2, type='Black')
2023-04-17 22:53:50,839 - marketplace_logger - INFO - Not enough space to publish product: Coffee(name='Robusta', price=3, acidity=5.0, roast_level='MEDIUM')
2023-04-17 22:53:50,841 - marketplace_logger - INFO - Not enough space to publish product: Coffee(name='Ethiopia', price=10, acidity=5.09, roast_level='MEDIUM')
2023-04-17 22:53:50,860 - marketplace_logger - INFO - Not enough space to publish product: Tea(name='Vietnam Oolong', price=10, type='Oolong')
2023-04-17 22:53:50,861 - marketplace_logger - INFO - Product published: Coffee(name='Robusta', price=3, acidity=5.0, roast_level='MEDIUM'), queue size is 27
2023-04-17 22:53:50,869 - marketplace_logger - INFO - Not enough space to publish product: Tea(name='Pai Mu Tan', price=9, type='White')
2023-04-17 22:53:50,872 - marketplace_logger - INFO - Not enough space to publish product: Tea(name='Jasmine', price=6, type='Green')
2023-04-17 22:53:50,877 - marketplace_logger - INFO - Product published: Coffee(name='Indonezia', price=1, acidity=5.05, roast_level='MEDIUM'), queue size is 24
2023-04-17 22:53:50,882 - marketplace_logger - INFO - Not enough space to publish product: Coffee(name='Indonezia', price=1, acidity=5.05, roast_level='MEDIUM')
2023-04-17 22:53:50,885 - marketplace_logger - INFO - Product published: Tea(name='Vietnam Oolong', price=10, type='Oolong'), queue size is 33
2023-04-17 22:53:50,890 - marketplace_logger - INFO - Not enough space to publish product: Coffee(name='Indonezia', price=1, acidity=5.05, roast_level='MEDIUM')
2023-04-17 22:53:50,891 - marketplace_logger - INFO - Not enough space to publish product: Coffee(name='Ethiopia', price=10, acidity=5.09, roast_level='MEDIUM')
2023-04-17 22:53:50,892 - marketplace_logger - INFO - Not enough space to publish product: Tea(name='Vietnam Oolong', price=10, type='Oolong')
2023-04-17 22:53:50,895 - marketplace_logger - INFO - Not enough space to publish product: Tea(name='Pai Mu Tan', price=9, type='White')
2023-04-17 22:53:50,899 - marketplace_logger - INFO - Not enough space to publish product: Tea(name='Pai Mu Tan', price=9, type='White')
2023-04-17 22:53:50,901 - marketplace_logger - INFO - Not enough space to publish product: Coffee(name='Arabica', price=9, acidity=5.02, roast_level='MEDIUM')
2023-04-17 22:53:50,902 - marketplace_logger - INFO - Not enough space to publish product: Coffee(name='Indonezia', price=1, acidity=5.05, roast_level='MEDIUM')
2023-04-17 22:53:50,902 - marketplace_logger - INFO - Not enough space to publish product: Coffee(name='Robusta', price=3, acidity=5.0, roast_level='MEDIUM')
2023-04-17 22:53:50,903 - marketplace_logger - INFO - Not enough space to publish product: Tea(name='Pai Mu Tan', price=9, type='White')
2023-04-17 22:53:50,904 - marketplace_logger - INFO - Product published: Coffee(name='Indonezia', price=1, acidity=5.05, roast_level='MEDIUM'), queue size is 16
2023-04-17 22:53:50,904 - marketplace_logger - INFO - Not enough space to publish product: Tea(name='White Peach', price=5, type='White')
2023-04-17 22:53:50,904 - marketplace_logger - INFO - Product published: Coffee(name='Brasil', price=7, acidity=5.09, roast_level='MEDIUM'), queue size is 25
2023-04-17 22:53:50,914 - marketplace_logger - INFO - Not enough space to publish product: Coffee(name='Arabica', price=9, acidity=5.02, roast_level='MEDIUM')
2023-04-17 22:53:50,914 - marketplace_logger - INFO - Not enough space to publish product: Coffee(name='Brasil', price=7, acidity=5.09, roast_level='MEDIUM')
2023-04-17 22:53:50,924 - marketplace_logger - INFO - Not enough space to publish product: Tea(name='Pai Mu Tan', price=9, type='White')
2023-04-17 22:53:50,932 - marketplace_logger - INFO - Not enough space to publish product: Coffee(name='Ethiopia', price=10, acidity=5.09, roast_level='MEDIUM')
2023-04-17 22:53:50,942 - marketplace_logger - INFO - Not enough space to publish product: Coffee(name='Brasil', price=7, acidity=5.09, roast_level='MEDIUM')
2023-04-17 22:53:50,942 - marketplace_logger - INFO - Not enough space to publish product: Tea(name='English Breakfast', price=2, type='Black')
2023-04-17 22:53:50,948 - marketplace_logger - INFO - Not enough space to publish product: Coffee(name='Brasil', price=7, acidity=5.09, roast_level='MEDIUM')
2023-04-17 22:53:50,950 - marketplace_logger - INFO - Not enough space to publish product: Tea(name='White Peach', price=5, type='White')
2023-04-17 22:53:50,953 - marketplace_logger - INFO - Not enough space to publish product: Coffee(name='Indonezia', price=1, acidity=5.05, roast_level='MEDIUM')
2023-04-17 22:53:50,955 - marketplace_logger - INFO - Product published: Tea(name='Pai Mu Tan', price=9, type='White'), queue size is 2
2023-04-17 22:53:50,966 - marketplace_logger - INFO - Product published: Coffee(name='Brasil', price=7, acidity=5.09, roast_level='MEDIUM'), queue size is 29
2023-04-17 22:53:50,971 - marketplace_logger - INFO - Not enough space to publish product: Tea(name='Vietnam Oolong', price=10, type='Oolong')
2023-04-17 22:53:50,974 - marketplace_logger - INFO - Not enough space to publish product: Coffee(name='Indonezia', price=1, acidity=5.05, roast_level='MEDIUM')
2023-04-17 22:53:50,975 - marketplace_logger - INFO - Not enough space to publish product: Tea(name='Pai Mu Tan', price=9, type='White')
2023-04-17 22:53:50,980 - marketplace_logger - INFO - Not enough space to publish product: Tea(name='Pai Mu Tan', price=9, type='White')
2023-04-17 22:53:50,990 - marketplace_logger - INFO - Not enough space to publish product: Tea(name='Pai Mu Tan', price=9, type='White')
2023-04-17 22:53:50,990 - marketplace_logger - INFO - Not enough space to publish product: Coffee(name='Robusta', price=3, acidity=5.0, roast_level='MEDIUM')
2023-04-17 22:53:50,991 - marketplace_logger - INFO - Product published: Coffee(name='Ethiopia', price=10, acidity=5.09, roast_level='MEDIUM'), queue size is 7
2023-04-17 22:53:50,991 - marketplace_logger - INFO - Not enough space to publish product: Coffee(name='Indonezia', price=1, acidity=5.05, roast_level='MEDIUM')
2023-04-17 22:53:50,991 - marketplace_logger - INFO - Not enough space to publish product: Coffee(name='Ethiopia', price=10, acidity=5.09, roast_level='MEDIUM')
2023-04-17 22:53:50,993 - marketplace_logger - INFO - Not enough space to publish product: Coffee(name='Indonezia', price=1, acidity=5.05, roast_level='MEDIUM')
2023-04-17 22:53:50,995 - marketplace_logger - INFO - Not enough space to publish product: Coffee(name='Arabica', price=9, acidity=5.02, roast_level='MEDIUM')
2023-04-17 22:53:50,995 - marketplace_logger - INFO - Not enough space to publish product: Coffee(name='Brasil', price=7, acidity=5.09, roast_level='MEDIUM')
2023-04-17 22:53:50,997 - marketplace_logger - INFO - Not enough space to publish product: Coffee(name='Indonezia', price=1, acidity=5.05, roast_level='MEDIUM')
2023-04-17 22:53:51,000 - marketplace_logger - INFO - Not enough space to publish product: Coffee(name='Robusta', price=3, acidity=5.0, roast_level='MEDIUM')
2023-04-17 22:53:51,005 - marketplace_logger - INFO - Not enough space to publish product: Coffee(name='Indonezia', price=1, acidity=5.05, roast_level='MEDIUM')
2023-04-17 22:53:51,006 - marketplace_logger - INFO - Not enough space to publish product: Coffee(name='Robusta', price=3, acidity=5.0, roast_level='MEDIUM')
2023-04-17 22:53:51,007 - marketplace_logger - INFO - Not enough space to publish product: Tea(name='English Breakfast', price=2, type='Black')
2023-04-17 22:53:51,009 - marketplace_logger - INFO - Product added to cart: Tea(name='Jasmine', price=6, type='Green')
2023-04-17 22:53:51,010 - marketplace_logger - INFO - Product removed from cart: Tea(name='Jasmine', price=6, type='Green')
2023-04-17 22:53:51,010 - marketplace_logger - INFO - Product removed from cart: Tea(name='Jasmine', price=6, type='Green')
2023-04-17 22:53:51,010 - marketplace_logger - INFO - Order placed: [{'product': Coffee(name='Indonezia', price=1, acidity=5.05, roast_level='MEDIUM'), 'shelf': 3}, {'product': Coffee(name='Indonezia', price=1, acidity=5.05, roast_level='MEDIUM'), 'shelf': 3}, {'product': Coffee(name='Indonezia', price=1, acidity=5.05, roast_level='MEDIUM'), 'shelf': 3}, {'product': Tea(name='White Peach', price=5, type='White'), 'shelf': 1}, {'product': Tea(name='White Peach', price=5, type='White'), 'shelf': 18}, {'product': Tea(name='White Peach', price=5, type='White'), 'shelf': 22}]
2023-04-17 22:53:51,010 - marketplace_logger - INFO - Product added to cart: Tea(name='Jasmine', price=6, type='Green')
2023-04-17 22:53:51,011 - marketplace_logger - INFO - Product added to cart: Coffee(name='Indonezia', price=1, acidity=5.05, roast_level='MEDIUM')
2023-04-17 22:53:51,011 - marketplace_logger - INFO - Product added to cart: Coffee(name='Indonezia', price=1, acidity=5.05, roast_level='MEDIUM')
2023-04-17 22:53:51,011 - marketplace_logger - INFO - Product added to cart: Coffee(name='Indonezia', price=1, acidity=5.05, roast_level='MEDIUM')
2023-04-17 22:53:51,011 - marketplace_logger - INFO - Product added to cart: Coffee(name='Arabica', price=9, acidity=5.02, roast_level='MEDIUM')
2023-04-17 22:53:51,011 - marketplace_logger - INFO - Product added to cart: Coffee(name='Arabica', price=9, acidity=5.02, roast_level='MEDIUM')
2023-04-17 22:53:51,012 - marketplace_logger - INFO - Product added to cart: Coffee(name='Arabica', price=9, acidity=5.02, roast_level='MEDIUM')
2023-04-17 22:53:51,012 - marketplace_logger - INFO - Product published: Coffee(name='Arabica', price=9, acidity=5.02, roast_level='MEDIUM'), queue size is 30
2023-04-17 22:53:51,012 - marketplace_logger - INFO - Order placed: [{'product': Tea(name='Jasmine', price=6, type='Green'), 'shelf': 3}, {'product': Tea(name='Jasmine', price=6, type='Green'), 'shelf': 36}, {'product': Tea(name='Jasmine', price=6, type='Green'), 'shelf': 3}, {'product': Coffee(name='Indonezia', price=1, acidity=5.05, roast_level='MEDIUM'), 'shelf': 2}, {'product': Coffee(name='Indonezia', price=1, acidity=5.05, roast_level='MEDIUM'), 'shelf': 3}, {'product': Coffee(name='Indonezia', price=1, acidity=5.05, roast_level='MEDIUM'), 'shelf': 3}, {'product': Coffee(name='Arabica', price=9, acidity=5.02, roast_level='MEDIUM'), 'shelf': 3}, {'product': Coffee(name='Arabica', price=9, acidity=5.02, roast_level='MEDIUM'), 'shelf': 5}, {'product': Coffee(name='Arabica', price=9, acidity=5.02, roast_level='MEDIUM'), 'shelf': 5}]
